<?xml version="1.0" encoding="UTF-8"?>
<testng-results skipped="0" failed="0" total="1" passed="1">
  <reporter-output>
  </reporter-output>
  <suite name="Cucumber Framework" duration-ms="3635" started-at="2019-03-21T07:18:44Z" finished-at="2019-03-21T07:18:48Z">
    <groups>
      <group name="cucumber">
        <method signature="AbstractTestNGCucumberTests.feature(cucumber.api.testng.CucumberFeatureWrapper)[pri:0, instance:runners.MainRunner@6d78f375]" name="feature" class="cucumber.api.testng.AbstractTestNGCucumberTests"/>
      </group> <!-- cucumber -->
    </groups>
    <test name="Cucumber Tests" duration-ms="3635" started-at="2019-03-21T07:18:44Z" finished-at="2019-03-21T07:18:48Z">
      <class name="runners.MainRunner">
        <test-method status="PASS" signature="setUpClass()[pri:0, instance:runners.MainRunner@6d78f375]" name="setUpClass" is-config="true" duration-ms="268" started-at="2019-03-21T12:48:44Z" finished-at="2019-03-21T12:48:44Z">
          <reporter-output>
          </reporter-output>
        </test-method> <!-- setUpClass -->
        <test-method status="PASS" signature="feature(cucumber.api.testng.CucumberFeatureWrapper)[pri:0, instance:runners.MainRunner@6d78f375]" name="feature" duration-ms="2933" started-at="2019-03-21T12:48:44Z" description="Runs Cucumber Feature" data-provider="features" finished-at="2019-03-21T12:48:47Z">
          <params>
            <param index="0">
              <value>
                <![CDATA[API Tests]]>
              </value>
            </param>
          </params>
          <reporter-output>
          </reporter-output>
        </test-method> <!-- feature -->
        <test-method status="PASS" signature="writeExtentReport()[pri:0, instance:runners.MainRunner@6d78f375]" name="writeExtentReport" is-config="true" duration-ms="0" started-at="2019-03-21T12:48:47Z" finished-at="2019-03-21T12:48:47Z">
          <reporter-output>
          </reporter-output>
        </test-method> <!-- writeExtentReport -->
        <test-method status="PASS" signature="tearDownClass()[pri:0, instance:runners.MainRunner@6d78f375]" name="tearDownClass" is-config="true" duration-ms="355" started-at="2019-03-21T12:48:47Z" finished-at="2019-03-21T12:48:48Z">
          <reporter-output>
          </reporter-output>
        </test-method> <!-- tearDownClass -->
      </class> <!-- runners.MainRunner -->
    </test> <!-- Cucumber Tests -->
  </suite> <!-- Cucumber Framework -->
</testng-results>
