<?xml version="1.0" encoding="UTF-8"?>
<testng-results skipped="0" failed="0" total="1" passed="1">
  <reporter-output>
  </reporter-output>
  <suite name="Cucumber Framework" duration-ms="3805" started-at="2019-11-13T05:17:27Z" finished-at="2019-11-13T05:17:30Z">
    <groups>
      <group name="cucumber">
        <method signature="AbstractTestNGCucumberTests.feature(cucumber.api.testng.CucumberFeatureWrapper)[pri:0, instance:runners.MainRunner@29ca901e]" name="feature" class="cucumber.api.testng.AbstractTestNGCucumberTests"/>
      </group> <!-- cucumber -->
    </groups>
    <test name="Cucumber Tests" duration-ms="3805" started-at="2019-11-13T05:17:27Z" finished-at="2019-11-13T05:17:30Z">
      <class name="runners.MainRunner">
        <test-method status="PASS" signature="setUpClass()[pri:0, instance:runners.MainRunner@29ca901e]" name="setUpClass" is-config="true" duration-ms="200" started-at="2019-11-13T10:47:27Z" finished-at="2019-11-13T10:47:27Z">
          <reporter-output>
          </reporter-output>
        </test-method> <!-- setUpClass -->
        <test-method status="PASS" signature="feature(cucumber.api.testng.CucumberFeatureWrapper)[pri:0, instance:runners.MainRunner@29ca901e]" name="feature" duration-ms="3249" started-at="2019-11-13T10:47:27Z" description="Runs Cucumber Feature" data-provider="features" finished-at="2019-11-13T10:47:30Z">
          <params>
            <param index="0">
              <value>
                <![CDATA[API Tests]]>
              </value>
            </param>
          </params>
          <reporter-output>
          </reporter-output>
        </test-method> <!-- feature -->
        <test-method status="PASS" signature="writeExtentReport()[pri:0, instance:runners.MainRunner@29ca901e]" name="writeExtentReport" is-config="true" duration-ms="23" started-at="2019-11-13T10:47:30Z" finished-at="2019-11-13T10:47:30Z">
          <reporter-output>
          </reporter-output>
        </test-method> <!-- writeExtentReport -->
        <test-method status="PASS" signature="tearDownClass()[pri:0, instance:runners.MainRunner@29ca901e]" name="tearDownClass" is-config="true" duration-ms="269" started-at="2019-11-13T10:47:30Z" finished-at="2019-11-13T10:47:30Z">
          <reporter-output>
          </reporter-output>
        </test-method> <!-- tearDownClass -->
      </class> <!-- runners.MainRunner -->
    </test> <!-- Cucumber Tests -->
  </suite> <!-- Cucumber Framework -->
</testng-results>
